<?xml version="1.0" encoding="UTF-8"?>
<testsuite name="JoinSessionTests" tests="4" skipped="0" failures="0" errors="0" timestamp="2021-05-25T19:26:43" hostname="ricebowl" time="12.061">
  <properties/>
  <testcase name="testMaxPlayersReached()" classname="JoinSessionTests" time="3.048"/>
  <testcase name="testValidJoinRequest()" classname="JoinSessionTests" time="3.002"/>
  <testcase name="testMultipleSessionJoin()" classname="JoinSessionTests" time="3.006"/>
  <testcase name="testInvalidSession()" classname="JoinSessionTests" time="3.003"/>
  <system-out><![CDATA[00:00  INFO: [kryonet] Server opened.
00:00  INFO: Connecting: localhost/127.0.0.1:54321
00:00  INFO: [kryonet] Connection 1 connected: /127.0.0.1
00:00  INFO: [kryonet] Connection 1 connected: localhost/127.0.0.1
00:00  INFO: [SessionManager] Creating new session with key 'TESTSN'
00:00  INFO: Received request to join session 'TESTSN' from /127.0.0.1
00:00  INFO: Assigned player the color YELLOW
00:00  INFO: Player 'null' added to 'TESTSN'
00:00  INFO: Received request to join session 'TESTSN' from /127.0.0.1
00:00  INFO: Assigned player the color BLUE
00:00  INFO: Player 'null' added to 'TESTSN'
00:00  INFO: Received request to join session 'TESTSN' from /127.0.0.1
00:00  INFO: Assigned player the color RED
00:00  INFO: Player 'null' added to 'TESTSN'
00:00  INFO: Received request to join session 'TESTSN' from /127.0.0.1
00:00  INFO: Assigned player the color GREEN
00:00  INFO: Player 'null' added to 'TESTSN'
00:00  INFO: Received request to join session 'TESTSN' from /127.0.0.1
00:00 ERROR: Failed to join session 'TESTSN': MAX_PLAYER limit reached
00:00  INFO: Unable to join session 'TESTSN' because MAX_PLAYER count reached. Rejecting player 'null'
00:03  INFO: [SessionManager] Creating new session with key 'TESTSN'
00:03  INFO: Received request to join session 'TESTSN' from /127.0.0.1
00:03  INFO: Assigned player the color YELLOW
00:03  INFO: Player 'JohnDoe95' added to 'TESTSN'
00:06  INFO: [SessionManager] Creating new session with key 'TESTSN'
00:06  INFO: Received request to join session 'TESTSN' from /127.0.0.1
00:06  INFO: Assigned player the color YELLOW
00:06  INFO: Player 'JohnDoe95' added to 'TESTSN'
00:06  INFO: Received request to join session 'TESTSN' from /127.0.0.1
00:06  INFO: Assigned player the color BLUE
00:06  INFO: Player 'MaxMustermann22' added to 'TESTSN'
00:09  INFO: [SessionManager] Creating new session with key 'TESTSN'
00:09  INFO: Received request to join session 'foobar' from /127.0.0.1
00:09  INFO: Session not found: foobar
]]></system-out>
  <system-err><![CDATA[]]></system-err>
</testsuite>
