<?xml version="1.0" encoding="UTF-8"?>
<testsuite name="GameStateUpdateTests" tests="1" skipped="0" failures="0" errors="0" timestamp="2021-05-26T08:37:35" hostname="ricebowl" time="4.039">
  <properties/>
  <testcase name="testUpdateOnInvalidSession()" classname="GameStateUpdateTests" time="4.039"/>
  <system-out><![CDATA[00:00  INFO: [kryonet] Server opened.
00:00  INFO: Connecting: localhost/127.0.0.1:54321
00:00  INFO: [kryonet] Connection 1 connected: /127.0.0.1
00:00  INFO: [kryonet] Connection 1 connected: localhost/127.0.0.1
00:00  INFO: [SessionManager] Creating new session with key 'TESTSN'
00:00  INFO: Received request to join session 'TESTSN' from /127.0.0.1
00:00  INFO: Assigned player the color YELLOW
00:00  INFO: Player 'JohnDoe95' added to 'TESTSN'
00:00  INFO: Received request to join session 'TESTSN' from /127.0.0.1
00:00  INFO: Assigned player the color BLUE
00:00  INFO: Player 'MaxMustermann22' added to 'TESTSN'
00:01  INFO: Received updated gamestate from /127.0.0.1
00:01  WARN: Not able to process gamestate update; session 'foobar' not found
]]></system-out>
  <system-err><![CDATA[]]></system-err>
</testsuite>
