<?xml version="1.0" encoding="UTF-8"?>
<testsuite name="SessionManagerTests" tests="6" skipped="0" failures="0" errors="0" timestamp="2021-05-12T15:53:09" hostname="ricebowl" time="0.13">
  <properties/>
  <testcase name="randomSessionCreation()" classname="SessionManagerTests" time="0.104"/>
  <testcase name="addDuplicateSessionByKey()" classname="SessionManagerTests" time="0.007"/>
  <testcase name="sessionCount()" classname="SessionManagerTests" time="0.004"/>
  <testcase name="randomKeysWithinBounds()" classname="SessionManagerTests" time="0.002"/>
  <testcase name="resetSessions()" classname="SessionManagerTests" time="0.002"/>
  <testcase name="createAndFindSessionByKey()" classname="SessionManagerTests" time="0.002"/>
  <system-out><![CDATA[00:00  INFO: Generated session with key '875500'
00:00  INFO: Creating new session with key 'testsession'
00:00  WARN: Session with key 'testsession' cannot be created because it already exists!
00:00  INFO: Generated session with key '470121'
00:00  INFO: Generated session with key '586492'
00:00  INFO: Generated session with key '886703'
00:00  INFO: Generated session with key '201624'
00:00  INFO: Generated session with key '262675'
00:00  INFO: Generated session with key '682616'
00:00  INFO: Generated session with key '155227'
00:00  INFO: Generated session with key '646278'
00:00  INFO: Generated session with key '597779'
00:00  INFO: Generated session with key '6565010'
00:00  INFO: Generated session with key '9925620'
00:00  INFO: Creating new session with key 'testsession'
]]></system-out>
  <system-err><![CDATA[]]></system-err>
</testsuite>
